# JRE version: Java(TM) SE Runtime Environment (7.0_80-b15) (build 1.7.0_80-b15)
# Java VM: Java HotSpot(TM) 64-Bit Server VM (24.80-b11 mixed mode linux-amd64 compressed oops)
Heap
 PSYoungGen      total 204800K, used 10210K [0x00000000eaa80000, 0x00000000f7c80000, 0x0000000100000000)
  eden space 194560K, 0% used [0x00000000eaa80000,0x00000000eaa80000,0x00000000f6880000)
  from space 10240K, 99% used [0x00000000f6880000,0x00000000f7278b38,0x00000000f7280000)
  to   space 9728K, 0% used [0x00000000f7300000,0x00000000f7300000,0x00000000f7c80000)
 ParOldGen       total 53248K, used 48681K [0x00000000c0000000, 0x00000000c3400000, 0x00000000eaa80000)
  object space 53248K, 91% used [0x00000000c0000000,0x00000000c2f8a6b8,0x00000000c3400000)
 PSPermGen       total 21504K, used 6937K [0x00000000bae00000, 0x00000000bc300000, 0x00000000c0000000)
  object space 21504K, 32% used [0x00000000bae00000,0x00000000bb4c65a0,0x00000000bc300000)
GC Heap History (10 events):
Event: 5.129 GC heap after
Heap after GC invocations=6 (full 0):
 PSYoungGen      total 69120K, used 7677K [0x00000000eaa80000, 0x00000000ef780000, 0x0000000100000000)
  eden space 60928K, 0% used [0x00000000eaa80000,0x00000000eaa80000,0x00000000ee600000)
  from space 8192K, 93% used [0x00000000eee80000,0x00000000ef5ff5f0,0x00000000ef680000)
  to   space 8704K, 0% used [0x00000000ee600000,0x00000000ee600000,0x00000000eee80000)
 ParOldGen       total 40960K, used 18859K [0x00000000c0000000, 0x00000000c2800000, 0x00000000eaa80000)
  object space 40960K, 46% used [0x00000000c0000000,0x00000000c126afc8,0x00000000c2800000)
 PSPermGen       total 21504K, used 6818K [0x00000000bae00000, 0x00000000bc300000, 0x00000000c0000000)
  object space 21504K, 31% used [0x00000000bae00000,0x00000000bb4a8860,0x00000000bc300000)
}
Event: 5.592 GC heap before
{Heap before GC invocations=7 (full 0):
 PSYoungGen      total 69120K, used 68605K [0x00000000eaa80000, 0x00000000ef780000, 0x0000000100000000)
  eden space 60928K, 100% used [0x00000000eaa80000,0x00000000ee600000,0x00000000ee600000)
  from space 8192K, 93% used [0x00000000eee80000,0x00000000ef5ff5f0,0x00000000ef680000)
  to   space 8704K, 0% used [0x00000000ee600000,0x00000000ee600000,0x00000000eee80000)
 ParOldGen       total 40960K, used 18859K [0x00000000c0000000, 0x00000000c2800000, 0x00000000eaa80000)
  object space 40960K, 46% used [0x00000000c0000000,0x00000000c126afc8,0x00000000c2800000)
 PSPermGen       total 21504K, used 6922K [0x00000000bae00000, 0x00000000bc300000, 0x00000000c0000000)
  object space 21504K, 32% used [0x00000000bae00000,0x00000000bb4c2b98,0x00000000bc300000)
Event: 5.633 GC heap after
Heap after GC invocations=7 (full 0):
 PSYoungGen      total 69632K, used 7890K [0x00000000eaa80000, 0x00000000f3380000, 0x0000000100000000)
  eden space 60928K, 0% used [0x00000000eaa80000,0x00000000eaa80000,0x00000000ee600000)
  from space 8704K, 90% used [0x00000000ee600000,0x00000000eedb4bc0,0x00000000eee80000)
  to   space 9216K, 0% used [0x00000000f2a80000,0x00000000f2a80000,0x00000000f3380000)
 ParOldGen       total 40960K, used 26307K [0x00000000c0000000, 0x00000000c2800000, 0x00000000eaa80000)
  object space 40960K, 64% used [0x00000000c0000000,0x00000000c19b0c38,0x00000000c2800000)
 PSPermGen       total 21504K, used 6922K [0x00000000bae00000, 0x00000000bc300000, 0x00000000c0000000)
  object space 21504K, 32% used [0x00000000bae00000,0x00000000bb4c2b98,0x00000000bc300000)
}
Event: 5.991 GC heap before
{Heap before GC invocations=8 (full 0):
 PSYoungGen      total 69632K, used 68818K [0x00000000eaa80000, 0x00000000f3380000, 0x0000000100000000)
  eden space 60928K, 100% used [0x00000000eaa80000,0x00000000ee600000,0x00000000ee600000)
  from space 8704K, 90% used [0x00000000ee600000,0x00000000eedb4bc0,0x00000000eee80000)
  to   space 9216K, 0% used [0x00000000f2a80000,0x00000000f2a80000,0x00000000f3380000)
 ParOldGen       total 40960K, used 26307K [0x00000000c0000000, 0x00000000c2800000, 0x00000000eaa80000)
  object space 40960K, 64% used [0x00000000c0000000,0x00000000c19b0c38,0x00000000c2800000)
 PSPermGen       total 21504K, used 6926K [0x00000000bae00000, 0x00000000bc300000, 0x00000000c0000000)
  object space 21504K, 32% used [0x00000000bae00000,0x00000000bb4c3a40,0x00000000bc300000)
Event: 6.014 GC heap after
Heap after GC invocations=8 (full 0):
 PSYoungGen      total 130560K, used 8117K [0x00000000eaa80000, 0x00000000f3480000, 0x0000000100000000)
  eden space 121344K, 0% used [0x00000000eaa80000,0x00000000eaa80000,0x00000000f2100000)
  from space 9216K, 88% used [0x00000000f2a80000,0x00000000f326d448,0x00000000f3380000)
  to   space 9728K, 0% used [0x00000000f2100000,0x00000000f2100000,0x00000000f2a80000)
 ParOldGen       total 40960K, used 26787K [0x00000000c0000000, 0x00000000c2800000, 0x00000000eaa80000)
  object space 40960K, 65% used [0x00000000c0000000,0x00000000c1a28c38,0x00000000c2800000)
 PSPermGen       total 21504K, used 6926K [0x00000000bae00000, 0x00000000bc300000, 0x00000000c0000000)
  object space 21504K, 32% used [0x00000000bae00000,0x00000000bb4c3a40,0x00000000bc300000)
}
Event: 6.603 GC heap before
{Heap before GC invocations=9 (full 0):
 PSYoungGen      total 130560K, used 129461K [0x00000000eaa80000, 0x00000000f3480000, 0x0000000100000000)
  eden space 121344K, 100% used [0x00000000eaa80000,0x00000000f2100000,0x00000000f2100000)
  from space 9216K, 88% used [0x00000000f2a80000,0x00000000f326d448,0x00000000f3380000)
  to   space 9728K, 0% used [0x00000000f2100000,0x00000000f2100000,0x00000000f2a80000)
 ParOldGen       total 40960K, used 26787K [0x00000000c0000000, 0x00000000c2800000, 0x00000000eaa80000)
  object space 40960K, 65% used [0x00000000c0000000,0x00000000c1a28c38,0x00000000c2800000)
 PSPermGen       total 21504K, used 6936K [0x00000000bae00000, 0x00000000bc300000, 0x00000000c0000000)
  object space 21504K, 32% used [0x00000000bae00000,0x00000000bb4c6028,0x00000000bc300000)
Event: 6.618 GC heap after
Heap after GC invocations=9 (full 0):
 PSYoungGen      total 131072K, used 9679K [0x00000000eaa80000, 0x00000000f7d80000, 0x0000000100000000)
  eden space 121344K, 0% used [0x00000000eaa80000,0x00000000eaa80000,0x00000000f2100000)
  from space 9728K, 99% used [0x00000000f2100000,0x00000000f2a73f88,0x00000000f2a80000)
  to   space 10752K, 0% used [0x00000000f7300000,0x00000000f7300000,0x00000000f7d80000)
 ParOldGen       total 40960K, used 27483K [0x00000000c0000000, 0x00000000c2800000, 0x00000000eaa80000)
  object space 40960K, 67% used [0x00000000c0000000,0x00000000c1ad6c88,0x00000000c2800000)
 PSPermGen       total 21504K, used 6936K [0x00000000bae00000, 0x00000000bc300000, 0x00000000c0000000)
  object space 21504K, 32% used [0x00000000bae00000,0x00000000bb4c6028,0x00000000bc300000)
}
Event: 7.043 GC heap before
{Heap before GC invocations=10 (full 0):
 PSYoungGen      total 131072K, used 130565K [0x00000000eaa80000, 0x00000000f7d80000, 0x0000000100000000)
  eden space 121344K, 99% used [0x00000000eaa80000,0x00000000f208d828,0x00000000f2100000)
  from space 9728K, 99% used [0x00000000f2100000,0x00000000f2a73f88,0x00000000f2a80000)
  to   space 10752K, 0% used [0x00000000f7300000,0x00000000f7300000,0x00000000f7d80000)
 ParOldGen       total 40960K, used 27483K [0x00000000c0000000, 0x00000000c2800000, 0x00000000eaa80000)
  object space 40960K, 67% used [0x00000000c0000000,0x00000000c1ad6c88,0x00000000c2800000)
 PSPermGen       total 21504K, used 6936K [0x00000000bae00000, 0x00000000bc300000, 0x00000000c0000000)
  object space 21504K, 32% used [0x00000000bae00000,0x00000000bb4c6260,0x00000000bc300000)
Event: 7.049 GC heap after
Heap after GC invocations=10 (full 0):
 PSYoungGen      total 204288K, used 5968K [0x00000000eaa80000, 0x00000000f7c80000, 0x0000000100000000)
  eden space 194560K, 0% used [0x00000000eaa80000,0x00000000eaa80000,0x00000000f6880000)
  from space 9728K, 61% used [0x00000000f7300000,0x00000000f78d41e0,0x00000000f7c80000)
  to   space 10240K, 0% used [0x00000000f6880000,0x00000000f6880000,0x00000000f7280000)
 ParOldGen       total 40960K, used 27499K [0x00000000c0000000, 0x00000000c2800000, 0x00000000eaa80000)
  object space 40960K, 67% used [0x00000000c0000000,0x00000000c1adac88,0x00000000c2800000)
 PSPermGen       total 21504K, used 6936K [0x00000000bae00000, 0x00000000bc300000, 0x00000000c0000000)
  object space 21504K, 32% used [0x00000000bae00000,0x00000000bb4c6260,0x00000000bc300000)
}
Event: 8.134 GC heap before
{Heap before GC invocations=11 (full 0):
 PSYoungGen      total 204288K, used 200528K [0x00000000eaa80000, 0x00000000f7c80000, 0x0000000100000000)
  eden space 194560K, 100% used [0x00000000eaa80000,0x00000000f6880000,0x00000000f6880000)
  from space 9728K, 61% used [0x00000000f7300000,0x00000000f78d41e0,0x00000000f7c80000)
  to   space 10240K, 0% used [0x00000000f6880000,0x00000000f6880000,0x00000000f7280000)
 ParOldGen       total 40960K, used 27499K [0x00000000c0000000, 0x00000000c2800000, 0x00000000eaa80000)
  object space 40960K, 67% used [0x00000000c0000000,0x00000000c1adac88,0x00000000c2800000)
 PSPermGen       total 21504K, used 6937K [0x00000000bae00000, 0x00000000bc300000, 0x00000000c0000000)
  object space 21504K, 32% used [0x00000000bae00000,0x00000000bb4c65a0,0x00000000bc300000)

