# JRE version: Java(TM) SE Runtime Environment (7.0_80-b15) (build 1.7.0_80-b15)
# Java VM: Java HotSpot(TM) 64-Bit Server VM (24.80-b11 mixed mode linux-amd64 compressed oops)
Heap
 PSYoungGen      total 204800K, used 11755K [0x00000000eaa80000, 0x00000000f7e80000, 0x0000000100000000)
  eden space 193024K, 0% used [0x00000000eaa80000,0x00000000eaa80000,0x00000000f6700000)
  from space 11776K, 99% used [0x00000000f6700000,0x00000000f727ad48,0x00000000f7280000)
  to   space 11264K, 0% used [0x00000000f7280000,0x00000000f7280000,0x00000000f7d80000)
 ParOldGen       total 40960K, used 36926K [0x00000000c0000000, 0x00000000c2800000, 0x00000000eaa80000)
  object space 40960K, 90% used [0x00000000c0000000,0x00000000c240fba0,0x00000000c2800000)
 PSPermGen       total 21504K, used 6938K [0x00000000bae00000, 0x00000000bc300000, 0x00000000c0000000)
  object space 21504K, 32% used [0x00000000bae00000,0x00000000bb4c6958,0x00000000bc300000)
GC Heap History (10 events):
Event: 5.067 GC heap after
Heap after GC invocations=6 (full 0):
 PSYoungGen      total 69120K, used 8327K [0x00000000eaa80000, 0x00000000ef980000, 0x0000000100000000)
  eden space 60416K, 0% used [0x00000000eaa80000,0x00000000eaa80000,0x00000000ee580000)
  from space 8704K, 95% used [0x00000000eef00000,0x00000000ef721c80,0x00000000ef780000)
  to   space 9728K, 0% used [0x00000000ee580000,0x00000000ee580000,0x00000000eef00000)
 ParOldGen       total 40960K, used 19766K [0x00000000c0000000, 0x00000000c2800000, 0x00000000eaa80000)
  object space 40960K, 48% used [0x00000000c0000000,0x00000000c134d8a0,0x00000000c2800000)
 PSPermGen       total 21504K, used 6817K [0x00000000bae00000, 0x00000000bc300000, 0x00000000c0000000)
  object space 21504K, 31% used [0x00000000bae00000,0x00000000bb4a85e0,0x00000000bc300000)
}
Event: 5.517 GC heap before
{Heap before GC invocations=7 (full 0):
 PSYoungGen      total 69120K, used 68743K [0x00000000eaa80000, 0x00000000ef980000, 0x0000000100000000)
  eden space 60416K, 100% used [0x00000000eaa80000,0x00000000ee580000,0x00000000ee580000)
  from space 8704K, 95% used [0x00000000eef00000,0x00000000ef721c80,0x00000000ef780000)
  to   space 9728K, 0% used [0x00000000ee580000,0x00000000ee580000,0x00000000eef00000)
 ParOldGen       total 40960K, used 19766K [0x00000000c0000000, 0x00000000c2800000, 0x00000000eaa80000)
  object space 40960K, 48% used [0x00000000c0000000,0x00000000c134d8a0,0x00000000c2800000)
 PSPermGen       total 21504K, used 6922K [0x00000000bae00000, 0x00000000bc300000, 0x00000000c0000000)
  object space 21504K, 32% used [0x00000000bae00000,0x00000000bb4c2918,0x00000000bc300000)
Event: 5.574 GC heap after
Heap after GC invocations=7 (full 0):
 PSYoungGen      total 70144K, used 8172K [0x00000000eaa80000, 0x00000000f3480000, 0x0000000100000000)
  eden space 60416K, 0% used [0x00000000eaa80000,0x00000000eaa80000,0x00000000ee580000)
  from space 9728K, 84% used [0x00000000ee580000,0x00000000eed7b3e0,0x00000000eef00000)
  to   space 10240K, 0% used [0x00000000f2a80000,0x00000000f2a80000,0x00000000f3480000)
 ParOldGen       total 40960K, used 29673K [0x00000000c0000000, 0x00000000c2800000, 0x00000000eaa80000)
  object space 40960K, 72% used [0x00000000c0000000,0x00000000c1cfa4b0,0x00000000c2800000)
 PSPermGen       total 21504K, used 6922K [0x00000000bae00000, 0x00000000bc300000, 0x00000000c0000000)
  object space 21504K, 32% used [0x00000000bae00000,0x00000000bb4c2918,0x00000000bc300000)
}
Event: 5.946 GC heap before
{Heap before GC invocations=8 (full 0):
 PSYoungGen      total 70144K, used 68588K [0x00000000eaa80000, 0x00000000f3480000, 0x0000000100000000)
  eden space 60416K, 100% used [0x00000000eaa80000,0x00000000ee580000,0x00000000ee580000)
  from space 9728K, 84% used [0x00000000ee580000,0x00000000eed7b3e0,0x00000000eef00000)
  to   space 10240K, 0% used [0x00000000f2a80000,0x00000000f2a80000,0x00000000f3480000)
 ParOldGen       total 40960K, used 29673K [0x00000000c0000000, 0x00000000c2800000, 0x00000000eaa80000)
  object space 40960K, 72% used [0x00000000c0000000,0x00000000c1cfa4b0,0x00000000c2800000)
 PSPermGen       total 21504K, used 6925K [0x00000000bae00000, 0x00000000bc300000, 0x00000000c0000000)
  object space 21504K, 32% used [0x00000000bae00000,0x00000000bb4c37c0,0x00000000bc300000)
Event: 5.957 GC heap after
Heap after GC invocations=8 (full 0):
 PSYoungGen      total 131072K, used 4443K [0x00000000eaa80000, 0x00000000f3480000, 0x0000000100000000)
  eden space 120832K, 0% used [0x00000000eaa80000,0x00000000eaa80000,0x00000000f2080000)
  from space 10240K, 43% used [0x00000000f2a80000,0x00000000f2ed6f48,0x00000000f3480000)
  to   space 10240K, 0% used [0x00000000f2080000,0x00000000f2080000,0x00000000f2a80000)
 ParOldGen       total 40960K, used 30473K [0x00000000c0000000, 0x00000000c2800000, 0x00000000eaa80000)
  object space 40960K, 74% used [0x00000000c0000000,0x00000000c1dc24b0,0x00000000c2800000)
 PSPermGen       total 21504K, used 6925K [0x00000000bae00000, 0x00000000bc300000, 0x00000000c0000000)
  object space 21504K, 32% used [0x00000000bae00000,0x00000000bb4c37c0,0x00000000bc300000)
}
Event: 6.541 GC heap before
{Heap before GC invocations=9 (full 0):
 PSYoungGen      total 131072K, used 125275K [0x00000000eaa80000, 0x00000000f3480000, 0x0000000100000000)
  eden space 120832K, 100% used [0x00000000eaa80000,0x00000000f2080000,0x00000000f2080000)
  from space 10240K, 43% used [0x00000000f2a80000,0x00000000f2ed6f48,0x00000000f3480000)
  to   space 10240K, 0% used [0x00000000f2080000,0x00000000f2080000,0x00000000f2a80000)
 ParOldGen       total 40960K, used 30473K [0x00000000c0000000, 0x00000000c2800000, 0x00000000eaa80000)
  object space 40960K, 74% used [0x00000000c0000000,0x00000000c1dc24b0,0x00000000c2800000)
 PSPermGen       total 21504K, used 6935K [0x00000000bae00000, 0x00000000bc300000, 0x00000000c0000000)
  object space 21504K, 32% used [0x00000000bae00000,0x00000000bb4c5c58,0x00000000bc300000)
Event: 6.555 GC heap after
Heap after GC invocations=9 (full 0):
 PSYoungGen      total 131072K, used 9683K [0x00000000eaa80000, 0x00000000f7d80000, 0x0000000100000000)
  eden space 120832K, 0% used [0x00000000eaa80000,0x00000000eaa80000,0x00000000f2080000)
  from space 10240K, 94% used [0x00000000f2080000,0x00000000f29f4df8,0x00000000f2a80000)
  to   space 11264K, 0% used [0x00000000f7280000,0x00000000f7280000,0x00000000f7d80000)
 ParOldGen       total 40960K, used 31169K [0x00000000c0000000, 0x00000000c2800000, 0x00000000eaa80000)
  object space 40960K, 76% used [0x00000000c0000000,0x00000000c1e70500,0x00000000c2800000)
 PSPermGen       total 21504K, used 6935K [0x00000000bae00000, 0x00000000bc300000, 0x00000000c0000000)
  object space 21504K, 32% used [0x00000000bae00000,0x00000000bb4c5c58,0x00000000bc300000)
}
Event: 6.991 GC heap before
{Heap before GC invocations=10 (full 0):
 PSYoungGen      total 131072K, used 128804K [0x00000000eaa80000, 0x00000000f7d80000, 0x0000000100000000)
  eden space 120832K, 98% used [0x00000000eaa80000,0x00000000f1ed4590,0x00000000f2080000)
  from space 10240K, 94% used [0x00000000f2080000,0x00000000f29f4df8,0x00000000f2a80000)
  to   space 11264K, 0% used [0x00000000f7280000,0x00000000f7280000,0x00000000f7d80000)
 ParOldGen       total 40960K, used 31169K [0x00000000c0000000, 0x00000000c2800000, 0x00000000eaa80000)
  object space 40960K, 76% used [0x00000000c0000000,0x00000000c1e70500,0x00000000c2800000)
 PSPermGen       total 21504K, used 6937K [0x00000000bae00000, 0x00000000bc300000, 0x00000000c0000000)
  object space 21504K, 32% used [0x00000000bae00000,0x00000000bb4c65d8,0x00000000bc300000)
Event: 7.000 GC heap after
Heap after GC invocations=10 (full 0):
 PSYoungGen      total 204288K, used 8987K [0x00000000eaa80000, 0x00000000f7e80000, 0x0000000100000000)
  eden space 193024K, 0% used [0x00000000eaa80000,0x00000000eaa80000,0x00000000f6700000)
  from space 11264K, 79% used [0x00000000f7280000,0x00000000f7b46f00,0x00000000f7d80000)
  to   space 11776K, 0% used [0x00000000f6700000,0x00000000f6700000,0x00000000f7280000)
 ParOldGen       total 40960K, used 31177K [0x00000000c0000000, 0x00000000c2800000, 0x00000000eaa80000)
  object space 40960K, 76% used [0x00000000c0000000,0x00000000c1e72500,0x00000000c2800000)
 PSPermGen       total 21504K, used 6937K [0x00000000bae00000, 0x00000000bc300000, 0x00000000c0000000)
  object space 21504K, 32% used [0x00000000bae00000,0x00000000bb4c65d8,0x00000000bc300000)
}
Event: 7.871 GC heap before
{Heap before GC invocations=11 (full 0):
 PSYoungGen      total 204288K, used 202011K [0x00000000eaa80000, 0x00000000f7e80000, 0x0000000100000000)
  eden space 193024K, 100% used [0x00000000eaa80000,0x00000000f6700000,0x00000000f6700000)
  from space 11264K, 79% used [0x00000000f7280000,0x00000000f7b46f00,0x00000000f7d80000)
  to   space 11776K, 0% used [0x00000000f6700000,0x00000000f6700000,0x00000000f7280000)
 ParOldGen       total 40960K, used 31177K [0x00000000c0000000, 0x00000000c2800000, 0x00000000eaa80000)
  object space 40960K, 76% used [0x00000000c0000000,0x00000000c1e72500,0x00000000c2800000)
 PSPermGen       total 21504K, used 6938K [0x00000000bae00000, 0x00000000bc300000, 0x00000000c0000000)
  object space 21504K, 32% used [0x00000000bae00000,0x00000000bb4c6958,0x00000000bc300000)

