# JRE version: Java(TM) SE Runtime Environment (7.0_80-b15) (build 1.7.0_80-b15)
# Java VM: Java HotSpot(TM) 64-Bit Server VM (24.80-b11 mixed mode linux-amd64 compressed oops)
Heap
 PSYoungGen      total 185344K, used 14316K [0x00000000eaa80000, 0x00000000f7d00000, 0x0000000100000000)
  eden space 171008K, 0% used [0x00000000eaa80000,0x00000000eaa80000,0x00000000f5180000)
  from space 14336K, 99% used [0x00000000f6100000,0x00000000f6efb350,0x00000000f6f00000)
  to   space 9216K, 0% used [0x00000000f7400000,0x00000000f7400000,0x00000000f7d00000)
 ParOldGen       total 47616K, used 33506K [0x00000000c0000000, 0x00000000c2e80000, 0x00000000eaa80000)
  object space 47616K, 70% used [0x00000000c0000000,0x00000000c20b8bf8,0x00000000c2e80000)
 PSPermGen       total 21504K, used 6935K [0x00000000bae00000, 0x00000000bc300000, 0x00000000c0000000)
  object space 21504K, 32% used [0x00000000bae00000,0x00000000bb4c5e40,0x00000000bc300000)
GC Heap History (10 events):
Event: 5.545 GC heap after
Heap after GC invocations=7 (full 0):
 PSYoungGen      total 70144K, used 9683K [0x00000000eaa80000, 0x00000000f3580000, 0x0000000100000000)
  eden space 60416K, 0% used [0x00000000eaa80000,0x00000000eaa80000,0x00000000ee580000)
  from space 9728K, 99% used [0x00000000ee580000,0x00000000eeef4de8,0x00000000eef00000)
  to   space 10752K, 0% used [0x00000000f2b00000,0x00000000f2b00000,0x00000000f3580000)
 ParOldGen       total 40960K, used 28749K [0x00000000c0000000, 0x00000000c2800000, 0x00000000eaa80000)
  object space 40960K, 70% used [0x00000000c0000000,0x00000000c1c13690,0x00000000c2800000)
 PSPermGen       total 21504K, used 6922K [0x00000000bae00000, 0x00000000bc300000, 0x00000000c0000000)
  object space 21504K, 32% used [0x00000000bae00000,0x00000000bb4c28f8,0x00000000bc300000)
}
Event: 5.917 GC heap before
{Heap before GC invocations=8 (full 0):
 PSYoungGen      total 70144K, used 70099K [0x00000000eaa80000, 0x00000000f3580000, 0x0000000100000000)
  eden space 60416K, 100% used [0x00000000eaa80000,0x00000000ee580000,0x00000000ee580000)
  from space 9728K, 99% used [0x00000000ee580000,0x00000000eeef4de8,0x00000000eef00000)
  to   space 10752K, 0% used [0x00000000f2b00000,0x00000000f2b00000,0x00000000f3580000)
 ParOldGen       total 40960K, used 28749K [0x00000000c0000000, 0x00000000c2800000, 0x00000000eaa80000)
  object space 40960K, 70% used [0x00000000c0000000,0x00000000c1c13690,0x00000000c2800000)
 PSPermGen       total 21504K, used 6925K [0x00000000bae00000, 0x00000000bc300000, 0x00000000c0000000)
  object space 21504K, 32% used [0x00000000bae00000,0x00000000bb4c37a0,0x00000000bc300000)
Event: 5.951 GC heap after
Heap after GC invocations=8 (full 0):
 PSYoungGen      total 130560K, used 10056K [0x00000000eaa80000, 0x00000000f3780000, 0x0000000100000000)
  eden space 119808K, 0% used [0x00000000eaa80000,0x00000000eaa80000,0x00000000f1f80000)
  from space 10752K, 93% used [0x00000000f2b00000,0x00000000f34d20f8,0x00000000f3580000)
  to   space 11776K, 0% used [0x00000000f1f80000,0x00000000f1f80000,0x00000000f2b00000)
 ParOldGen       total 40960K, used 29317K [0x00000000c0000000, 0x00000000c2800000, 0x00000000eaa80000)
  object space 40960K, 71% used [0x00000000c0000000,0x00000000c1ca1690,0x00000000c2800000)
 PSPermGen       total 21504K, used 6925K [0x00000000bae00000, 0x00000000bc300000, 0x00000000c0000000)
  object space 21504K, 32% used [0x00000000bae00000,0x00000000bb4c37a0,0x00000000bc300000)
}
Event: 6.528 GC heap before
{Heap before GC invocations=9 (full 0):
 PSYoungGen      total 130560K, used 129864K [0x00000000eaa80000, 0x00000000f3780000, 0x0000000100000000)
  eden space 119808K, 100% used [0x00000000eaa80000,0x00000000f1f80000,0x00000000f1f80000)
  from space 10752K, 93% used [0x00000000f2b00000,0x00000000f34d20f8,0x00000000f3580000)
  to   space 11776K, 0% used [0x00000000f1f80000,0x00000000f1f80000,0x00000000f2b00000)
 ParOldGen       total 40960K, used 29317K [0x00000000c0000000, 0x00000000c2800000, 0x00000000eaa80000)
  object space 40960K, 71% used [0x00000000c0000000,0x00000000c1ca1690,0x00000000c2800000)
 PSPermGen       total 21504K, used 6935K [0x00000000bae00000, 0x00000000bc300000, 0x00000000c0000000)
  object space 21504K, 32% used [0x00000000bae00000,0x00000000bb4c5c38,0x00000000bc300000)
Event: 6.545 GC heap after
Heap after GC invocations=9 (full 0):
 PSYoungGen      total 131584K, used 11754K [0x00000000eaa80000, 0x00000000f8200000, 0x0000000100000000)
  eden space 119808K, 0% used [0x00000000eaa80000,0x00000000eaa80000,0x00000000f1f80000)
  from space 11776K, 99% used [0x00000000f1f80000,0x00000000f2afa828,0x00000000f2b00000)
  to   space 14336K, 0% used [0x00000000f7400000,0x00000000f7400000,0x00000000f8200000)
 ParOldGen       total 40960K, used 32634K [0x00000000c0000000, 0x00000000c2800000, 0x00000000eaa80000)
  object space 40960K, 79% used [0x00000000c0000000,0x00000000c1fde910,0x00000000c2800000)
 PSPermGen       total 21504K, used 6935K [0x00000000bae00000, 0x00000000bc300000, 0x00000000c0000000)
  object space 21504K, 32% used [0x00000000bae00000,0x00000000bb4c5c38,0x00000000bc300000)
}
Event: 6.546 GC heap before
{Heap before GC invocations=10 (full 1):
 PSYoungGen      total 131584K, used 11754K [0x00000000eaa80000, 0x00000000f8200000, 0x0000000100000000)
  eden space 119808K, 0% used [0x00000000eaa80000,0x00000000eaa80000,0x00000000f1f80000)
  from space 11776K, 99% used [0x00000000f1f80000,0x00000000f2afa828,0x00000000f2b00000)
  to   space 14336K, 0% used [0x00000000f7400000,0x00000000f7400000,0x00000000f8200000)
 ParOldGen       total 40960K, used 32634K [0x00000000c0000000, 0x00000000c2800000, 0x00000000eaa80000)
  object space 40960K, 79% used [0x00000000c0000000,0x00000000c1fde910,0x00000000c2800000)
 PSPermGen       total 21504K, used 6935K [0x00000000bae00000, 0x00000000bc300000, 0x00000000c0000000)
  object space 21504K, 32% used [0x00000000bae00000,0x00000000bb4c5c38,0x00000000bc300000)
Event: 6.648 GC heap after
Heap after GC invocations=10 (full 1):
 PSYoungGen      total 131584K, used 0K [0x00000000eaa80000, 0x00000000f8200000, 0x0000000100000000)
  eden space 119808K, 0% used [0x00000000eaa80000,0x00000000eaa80000,0x00000000f1f80000)
  from space 11776K, 0% used [0x00000000f1f80000,0x00000000f1f80000,0x00000000f2b00000)
  to   space 14336K, 0% used [0x00000000f7400000,0x00000000f7400000,0x00000000f8200000)
 ParOldGen       total 47616K, used 18230K [0x00000000c0000000, 0x00000000c2e80000, 0x00000000eaa80000)
  object space 47616K, 38% used [0x00000000c0000000,0x00000000c11cdac0,0x00000000c2e80000)
 PSPermGen       total 21504K, used 6932K [0x00000000bae00000, 0x00000000bc300000, 0x00000000c0000000)
  object space 21504K, 32% used [0x00000000bae00000,0x00000000bb4c5140,0x00000000bc300000)
}
Event: 7.085 GC heap before
{Heap before GC invocations=11 (full 1):
 PSYoungGen      total 131584K, used 119808K [0x00000000eaa80000, 0x00000000f8200000, 0x0000000100000000)
  eden space 119808K, 100% used [0x00000000eaa80000,0x00000000f1f80000,0x00000000f1f80000)
  from space 11776K, 0% used [0x00000000f1f80000,0x00000000f1f80000,0x00000000f2b00000)
  to   space 14336K, 0% used [0x00000000f7400000,0x00000000f7400000,0x00000000f8200000)
 ParOldGen       total 47616K, used 18230K [0x00000000c0000000, 0x00000000c2e80000, 0x00000000eaa80000)
  object space 47616K, 38% used [0x00000000c0000000,0x00000000c11cdac0,0x00000000c2e80000)
 PSPermGen       total 21504K, used 6934K [0x00000000bae00000, 0x00000000bc300000, 0x00000000c0000000)
  object space 21504K, 32% used [0x00000000bae00000,0x00000000bb4c5ac0,0x00000000bc300000)
Event: 7.097 GC heap after
Heap after GC invocations=11 (full 1):
 PSYoungGen      total 180224K, used 8955K [0x00000000eaa80000, 0x00000000f7d00000, 0x0000000100000000)
  eden space 171008K, 0% used [0x00000000eaa80000,0x00000000eaa80000,0x00000000f5180000)
  from space 9216K, 97% used [0x00000000f7400000,0x00000000f7cbef00,0x00000000f7d00000)
  to   space 14336K, 0% used [0x00000000f6100000,0x00000000f6100000,0x00000000f6f00000)
 ParOldGen       total 47616K, used 18230K [0x00000000c0000000, 0x00000000c2e80000, 0x00000000eaa80000)
  object space 47616K, 38% used [0x00000000c0000000,0x00000000c11cdac0,0x00000000c2e80000)
 PSPermGen       total 21504K, used 6934K [0x00000000bae00000, 0x00000000bc300000, 0x00000000c0000000)
  object space 21504K, 32% used [0x00000000bae00000,0x00000000bb4c5ac0,0x00000000bc300000)
}
Event: 7.678 GC heap before
{Heap before GC invocations=12 (full 1):
 PSYoungGen      total 180224K, used 179963K [0x00000000eaa80000, 0x00000000f7d00000, 0x0000000100000000)
  eden space 171008K, 100% used [0x00000000eaa80000,0x00000000f5180000,0x00000000f5180000)
  from space 9216K, 97% used [0x00000000f7400000,0x00000000f7cbef00,0x00000000f7d00000)
  to   space 14336K, 0% used [0x00000000f6100000,0x00000000f6100000,0x00000000f6f00000)
 ParOldGen       total 47616K, used 18230K [0x00000000c0000000, 0x00000000c2e80000, 0x00000000eaa80000)
  object space 47616K, 38% used [0x00000000c0000000,0x00000000c11cdac0,0x00000000c2e80000)
 PSPermGen       total 21504K, used 6935K [0x00000000bae00000, 0x00000000bc300000, 0x00000000c0000000)
  object space 21504K, 32% used [0x00000000bae00000,0x00000000bb4c5e40,0x00000000bc300000)

