# JRE version: Java(TM) SE Runtime Environment (7.0_76-b13) (build 1.7.0_76-b13)
# Java VM: Java HotSpot(TM) 64-Bit Server VM (24.76-b04 mixed mode linux-amd64 compressed oops)
Heap
 PSYoungGen      total 256512K, used 14645K [0x00000000eaa80000, 0x00000000fb580000, 0x0000000100000000)
  eden space 241664K, 0% used [0x00000000eaa80000,0x00000000eaa80000,0x00000000f9680000)
  from space 14848K, 98% used [0x00000000f9680000,0x00000000fa4cd5e8,0x00000000fa500000)
  to   space 12800K, 0% used [0x00000000fa500000,0x00000000fa500000,0x00000000fb180000)
 ParOldGen       total 55296K, used 36059K [0x00000000c0000000, 0x00000000c3600000, 0x00000000eaa80000)
  object space 55296K, 65% used [0x00000000c0000000,0x00000000c2336e40,0x00000000c3600000)
 PSPermGen       total 21504K, used 6836K [0x00000000bae00000, 0x00000000bc300000, 0x00000000c0000000)
  object space 21504K, 31% used [0x00000000bae00000,0x00000000bb4ad080,0x00000000bc300000)
GC Heap History (10 events):
Event: 4.873 GC heap after
Heap after GC invocations=5 (full 0):
 PSYoungGen      total 64000K, used 2553K [0x00000000eaa80000, 0x00000000f3780000, 0x0000000100000000)
  eden space 61440K, 0% used [0x00000000eaa80000,0x00000000eaa80000,0x00000000ee680000)
  from space 2560K, 99% used [0x00000000ee680000,0x00000000ee8fe768,0x00000000ee900000)
  to   space 10752K, 0% used [0x00000000f2d00000,0x00000000f2d00000,0x00000000f3780000)
 ParOldGen       total 40960K, used 16534K [0x00000000c0000000, 0x00000000c2800000, 0x00000000eaa80000)
  object space 40960K, 40% used [0x00000000c0000000,0x00000000c1025ae8,0x00000000c2800000)
 PSPermGen       total 21504K, used 6815K [0x00000000bae00000, 0x00000000bc300000, 0x00000000c0000000)
  object space 21504K, 31% used [0x00000000bae00000,0x00000000bb4a7e28,0x00000000bc300000)
}
Event: 5.203 GC heap before
{Heap before GC invocations=6 (full 0):
 PSYoungGen      total 64000K, used 63993K [0x00000000eaa80000, 0x00000000f3780000, 0x0000000100000000)
  eden space 61440K, 100% used [0x00000000eaa80000,0x00000000ee680000,0x00000000ee680000)
  from space 2560K, 99% used [0x00000000ee680000,0x00000000ee8fe768,0x00000000ee900000)
  to   space 10752K, 0% used [0x00000000f2d00000,0x00000000f2d00000,0x00000000f3780000)
 ParOldGen       total 40960K, used 16534K [0x00000000c0000000, 0x00000000c2800000, 0x00000000eaa80000)
  object space 40960K, 40% used [0x00000000c0000000,0x00000000c1025ae8,0x00000000c2800000)
 PSPermGen       total 21504K, used 6825K [0x00000000bae00000, 0x00000000bc300000, 0x00000000c0000000)
  object space 21504K, 31% used [0x00000000bae00000,0x00000000bb4aa618,0x00000000bc300000)
Event: 5.238 GC heap after
Heap after GC invocations=6 (full 0):
 PSYoungGen      total 132608K, used 8885K [0x00000000eaa80000, 0x00000000f3980000, 0x0000000100000000)
  eden space 121856K, 0% used [0x00000000eaa80000,0x00000000eaa80000,0x00000000f2180000)
  from space 10752K, 82% used [0x00000000f2d00000,0x00000000f35ad688,0x00000000f3780000)
  to   space 11776K, 0% used [0x00000000f2180000,0x00000000f2180000,0x00000000f2d00000)
 ParOldGen       total 40960K, used 19794K [0x00000000c0000000, 0x00000000c2800000, 0x00000000eaa80000)
  object space 40960K, 48% used [0x00000000c0000000,0x00000000c13549a0,0x00000000c2800000)
 PSPermGen       total 21504K, used 6825K [0x00000000bae00000, 0x00000000bc300000, 0x00000000c0000000)
  object space 21504K, 31% used [0x00000000bae00000,0x00000000bb4aa618,0x00000000bc300000)
}
Event: 5.872 GC heap before
{Heap before GC invocations=7 (full 0):
 PSYoungGen      total 132608K, used 130741K [0x00000000eaa80000, 0x00000000f3980000, 0x0000000100000000)
  eden space 121856K, 100% used [0x00000000eaa80000,0x00000000f2180000,0x00000000f2180000)
  from space 10752K, 82% used [0x00000000f2d00000,0x00000000f35ad688,0x00000000f3780000)
  to   space 11776K, 0% used [0x00000000f2180000,0x00000000f2180000,0x00000000f2d00000)
 ParOldGen       total 40960K, used 19794K [0x00000000c0000000, 0x00000000c2800000, 0x00000000eaa80000)
  object space 40960K, 48% used [0x00000000c0000000,0x00000000c13549a0,0x00000000c2800000)
 PSPermGen       total 21504K, used 6833K [0x00000000bae00000, 0x00000000bc300000, 0x00000000c0000000)
  object space 21504K, 31% used [0x00000000bae00000,0x00000000bb4ac4d0,0x00000000bc300000)
Event: 5.900 GC heap after
Heap after GC invocations=7 (full 0):
 PSYoungGen      total 133632K, used 9871K [0x00000000eaa80000, 0x00000000fb180000, 0x0000000100000000)
  eden space 121856K, 0% used [0x00000000eaa80000,0x00000000eaa80000,0x00000000f2180000)
  from space 11776K, 83% used [0x00000000f2180000,0x00000000f2b23f90,0x00000000f2d00000)
  to   space 12800K, 0% used [0x00000000fa500000,0x00000000fa500000,0x00000000fb180000)
 ParOldGen       total 40960K, used 30094K [0x00000000c0000000, 0x00000000c2800000, 0x00000000eaa80000)
  object space 40960K, 73% used [0x00000000c0000000,0x00000000c1d639d0,0x00000000c2800000)
 PSPermGen       total 21504K, used 6833K [0x00000000bae00000, 0x00000000bc300000, 0x00000000c0000000)
  object space 21504K, 31% used [0x00000000bae00000,0x00000000bb4ac4d0,0x00000000bc300000)
}
Event: 6.334 GC heap before
{Heap before GC invocations=8 (full 0):
 PSYoungGen      total 133632K, used 131727K [0x00000000eaa80000, 0x00000000fb180000, 0x0000000100000000)
  eden space 121856K, 100% used [0x00000000eaa80000,0x00000000f2180000,0x00000000f2180000)
  from space 11776K, 83% used [0x00000000f2180000,0x00000000f2b23f90,0x00000000f2d00000)
  to   space 12800K, 0% used [0x00000000fa500000,0x00000000fa500000,0x00000000fb180000)
 ParOldGen       total 40960K, used 30094K [0x00000000c0000000, 0x00000000c2800000, 0x00000000eaa80000)
  object space 40960K, 73% used [0x00000000c0000000,0x00000000c1d639d0,0x00000000c2800000)
 PSPermGen       total 21504K, used 6835K [0x00000000bae00000, 0x00000000bc300000, 0x00000000c0000000)
  object space 21504K, 31% used [0x00000000bae00000,0x00000000bb4acf68,0x00000000bc300000)
Event: 6.356 GC heap after
Heap after GC invocations=8 (full 0):
 PSYoungGen      total 254464K, used 12372K [0x00000000eaa80000, 0x00000000fb580000, 0x0000000100000000)
  eden space 241664K, 0% used [0x00000000eaa80000,0x00000000eaa80000,0x00000000f9680000)
  from space 12800K, 96% used [0x00000000fa500000,0x00000000fb1152b0,0x00000000fb180000)
  to   space 14848K, 0% used [0x00000000f9680000,0x00000000f9680000,0x00000000fa500000)
 ParOldGen       total 46080K, used 45533K [0x00000000c0000000, 0x00000000c2d00000, 0x00000000eaa80000)
  object space 46080K, 98% used [0x00000000c0000000,0x00000000c2c77750,0x00000000c2d00000)
 PSPermGen       total 21504K, used 6835K [0x00000000bae00000, 0x00000000bc300000, 0x00000000c0000000)
  object space 21504K, 31% used [0x00000000bae00000,0x00000000bb4acf68,0x00000000bc300000)
}
Event: 6.357 GC heap before
{Heap before GC invocations=9 (full 1):
 PSYoungGen      total 254464K, used 12372K [0x00000000eaa80000, 0x00000000fb580000, 0x0000000100000000)
  eden space 241664K, 0% used [0x00000000eaa80000,0x00000000eaa80000,0x00000000f9680000)
  from space 12800K, 96% used [0x00000000fa500000,0x00000000fb1152b0,0x00000000fb180000)
  to   space 14848K, 0% used [0x00000000f9680000,0x00000000f9680000,0x00000000fa500000)
 ParOldGen       total 46080K, used 45533K [0x00000000c0000000, 0x00000000c2d00000, 0x00000000eaa80000)
  object space 46080K, 98% used [0x00000000c0000000,0x00000000c2c77750,0x00000000c2d00000)
 PSPermGen       total 21504K, used 6835K [0x00000000bae00000, 0x00000000bc300000, 0x00000000c0000000)
  object space 21504K, 31% used [0x00000000bae00000,0x00000000bb4acf68,0x00000000bc300000)
Event: 6.423 GC heap after
Heap after GC invocations=9 (full 1):
 PSYoungGen      total 254464K, used 0K [0x00000000eaa80000, 0x00000000fb580000, 0x0000000100000000)
  eden space 241664K, 0% used [0x00000000eaa80000,0x00000000eaa80000,0x00000000f9680000)
  from space 12800K, 0% used [0x00000000fa500000,0x00000000fa500000,0x00000000fb180000)
  to   space 14848K, 0% used [0x00000000f9680000,0x00000000f9680000,0x00000000fa500000)
 ParOldGen       total 55296K, used 22920K [0x00000000c0000000, 0x00000000c3600000, 0x00000000eaa80000)
  object space 55296K, 41% used [0x00000000c0000000,0x00000000c16621f0,0x00000000c3600000)
 PSPermGen       total 21504K, used 6833K [0x00000000bae00000, 0x00000000bc300000, 0x00000000c0000000)
  object space 21504K, 31% used [0x00000000bae00000,0x00000000bb4ac510,0x00000000bc300000)
}
Event: 7.350 GC heap before
{Heap before GC invocations=10 (full 1):
 PSYoungGen      total 254464K, used 241664K [0x00000000eaa80000, 0x00000000fb580000, 0x0000000100000000)
  eden space 241664K, 100% used [0x00000000eaa80000,0x00000000f9680000,0x00000000f9680000)
  from space 12800K, 0% used [0x00000000fa500000,0x00000000fa500000,0x00000000fb180000)
  to   space 14848K, 0% used [0x00000000f9680000,0x00000000f9680000,0x00000000fa500000)
 ParOldGen       total 55296K, used 22920K [0x00000000c0000000, 0x00000000c3600000, 0x00000000eaa80000)
  object space 55296K, 41% used [0x00000000c0000000,0x00000000c16621f0,0x00000000c3600000)
 PSPermGen       total 21504K, used 6836K [0x00000000bae00000, 0x00000000bc300000, 0x00000000c0000000)
  object space 21504K, 31% used [0x00000000bae00000,0x00000000bb4ad080,0x00000000bc300000)

